{"C:\\Users\\v.ishchenko\\OneDrive - ООО КАРО Фильм Менеджмент\\Рабочий стол\\GB-JS-Ischenko\\Lesson3\\test\\src\\utils.js": {"path":"C:\\Users\\v.ishchenko\\OneDrive - ООО КАРО Фильм Менеджмент\\Рабочий стол\\GB-JS-Ischenko\\Lesson3\\test\\src\\utils.js","statementMap":{"0":{"start":{"line":41,"column":17},"end":{"line":41,"column":18}},"1":{"start":{"line":42,"column":4},"end":{"line":58,"column":5}},"2":{"start":{"line":43,"column":8},"end":{"line":43,"column":22}},"3":{"start":{"line":44,"column":11},"end":{"line":58,"column":5}},"4":{"start":{"line":45,"column":8},"end":{"line":45,"column":26}},"5":{"start":{"line":46,"column":11},"end":{"line":58,"column":5}},"6":{"start":{"line":47,"column":8},"end":{"line":49,"column":9}},"7":{"start":{"line":47,"column":21},"end":{"line":47,"column":22}},"8":{"start":{"line":48,"column":12},"end":{"line":48,"column":32}},"9":{"start":{"line":50,"column":11},"end":{"line":58,"column":5}},"10":{"start":{"line":51,"column":8},"end":{"line":53,"column":9}},"11":{"start":{"line":51,"column":21},"end":{"line":51,"column":22}},"12":{"start":{"line":52,"column":12},"end":{"line":52,"column":32}},"13":{"start":{"line":55,"column":8},"end":{"line":57,"column":9}},"14":{"start":{"line":55,"column":21},"end":{"line":55,"column":22}},"15":{"start":{"line":56,"column":12},"end":{"line":56,"column":32}},"16":{"start":{"line":60,"column":4},"end":{"line":60,"column":18}},"17":{"start":{"line":63,"column":0},"end":{"line":65,"column":1}}},"fnMap":{"0":{"name":"pow","decl":{"start":{"line":40,"column":9},"end":{"line":40,"column":12}},"loc":{"start":{"line":40,"column":19},"end":{"line":61,"column":1}},"line":40}},"branchMap":{"0":{"loc":{"start":{"line":42,"column":4},"end":{"line":58,"column":5}},"type":"if","locations":[{"start":{"line":42,"column":4},"end":{"line":58,"column":5}},{"start":{"line":44,"column":11},"end":{"line":58,"column":5}}],"line":42},"1":{"loc":{"start":{"line":44,"column":11},"end":{"line":58,"column":5}},"type":"if","locations":[{"start":{"line":44,"column":11},"end":{"line":58,"column":5}},{"start":{"line":46,"column":11},"end":{"line":58,"column":5}}],"line":44},"2":{"loc":{"start":{"line":46,"column":11},"end":{"line":58,"column":5}},"type":"if","locations":[{"start":{"line":46,"column":11},"end":{"line":58,"column":5}},{"start":{"line":50,"column":11},"end":{"line":58,"column":5}}],"line":46},"3":{"loc":{"start":{"line":46,"column":15},"end":{"line":46,"column":29}},"type":"binary-expr","locations":[{"start":{"line":46,"column":15},"end":{"line":46,"column":20}},{"start":{"line":46,"column":24},"end":{"line":46,"column":29}}],"line":46},"4":{"loc":{"start":{"line":50,"column":11},"end":{"line":58,"column":5}},"type":"if","locations":[{"start":{"line":50,"column":11},"end":{"line":58,"column":5}},{"start":{"line":54,"column":11},"end":{"line":58,"column":5}}],"line":50},"5":{"loc":{"start":{"line":50,"column":15},"end":{"line":50,"column":29}},"type":"binary-expr","locations":[{"start":{"line":50,"column":15},"end":{"line":50,"column":20}},{"start":{"line":50,"column":24},"end":{"line":50,"column":29}}],"line":50}},"s":{"0":5,"1":5,"2":1,"3":4,"4":1,"5":3,"6":1,"7":1,"8":2,"9":2,"10":1,"11":1,"12":2,"13":1,"14":1,"15":2,"16":3,"17":1},"f":{"0":5},"b":{"0":[1,4],"1":[1,3],"2":[1,2],"3":[3,1],"4":[1,1],"5":[2,2]},"_coverageSchema":"1a1c01bbd47fc00a2c39e90264f33305004495a9","hash":"9a6e635be240f55882d270330921cdeab1f2983f"}
}
